2026-02-12 01:17:18,347 - CRITICAL - Startup violation
Traceback (most recent call last):
  File "C:\Users\ASUS\OneDrive\Desktop\nl-terminal - v2\main.py", line 244, in main
    run_ui()
    ~~~~~~^^
  File "C:\Users\ASUS\OneDrive\Desktop\nl-terminal - v2\main.py", line 63, in run_ui
    ui.welcome_screen()
    ~~~~~~~~~~~~~~~~~^^
  File "C:\Users\ASUS\OneDrive\Desktop\nl-terminal - v2\ui.py", line 41, in welcome_screen
    self.console.print(welcome_panel)
    ~~~~~~~~~~~~~~~~~~^^^^^^^^^^^^^^^
  File "C:\Users\ASUS\AppData\Local\Programs\Python\Python314\Lib\site-packages\rich\console.py", line 1724, in print
    extend(render(renderable, render_options))
    ~~~~~~^^^^^^^^^^^^^^^^^^^^^^^^^^^^^^^^^^^^
  File "C:\Users\ASUS\AppData\Local\Programs\Python\Python314\Lib\site-packages\rich\console.py", line 1345, in render
    for render_output in iter_render:
                         ^^^^^^^^^^^
  File "C:\Users\ASUS\AppData\Local\Programs\Python\Python314\Lib\site-packages\rich\panel.py", line 262, in __rich_console__
    subtitle_text = align_text(
        subtitle_text,
    ...<3 lines>...
        border_style,
    )
  File "C:\Users\ASUS\AppData\Local\Programs\Python\Python314\Lib\site-packages\rich\panel.py", line 178, in align_text
    text.stylize(console.get_style(text.style))
                 ~~~~~~~~~~~~~~~~~^^^^^^^^^^^^
  File "C:\Users\ASUS\AppData\Local\Programs\Python\Python314\Lib\site-packages\rich\console.py", line 1502, in get_style
    raise errors.MissingStyle(
        f"Failed to get style {name!r}; {error}"
    ) from None
rich.errors.MissingStyle: Failed to get style 'comment'; unable to parse 'comment' as color; 'comment' is not a valid color
2026-02-12 01:17:48,233 - CRITICAL - Startup violation
Traceback (most recent call last):
  File "C:\Users\ASUS\OneDrive\Desktop\nl-terminal - v2\main.py", line 244, in main
    run_ui()
    ~~~~~~^^
  File "C:\Users\ASUS\OneDrive\Desktop\nl-terminal - v2\main.py", line 63, in run_ui
    ui.welcome_screen()
    ~~~~~~~~~~~~~~~~~^^
  File "C:\Users\ASUS\OneDrive\Desktop\nl-terminal - v2\ui.py", line 41, in welcome_screen
    self.console.print(welcome_panel)
    ~~~~~~~~~~~~~~~~~~^^^^^^^^^^^^^^^
  File "C:\Users\ASUS\AppData\Local\Programs\Python\Python314\Lib\site-packages\rich\console.py", line 1724, in print
    extend(render(renderable, render_options))
    ~~~~~~^^^^^^^^^^^^^^^^^^^^^^^^^^^^^^^^^^^^
  File "C:\Users\ASUS\AppData\Local\Programs\Python\Python314\Lib\site-packages\rich\console.py", line 1345, in render
    for render_output in iter_render:
                         ^^^^^^^^^^^
  File "C:\Users\ASUS\AppData\Local\Programs\Python\Python314\Lib\site-packages\rich\panel.py", line 262, in __rich_console__
    subtitle_text = align_text(
        subtitle_text,
    ...<3 lines>...
        border_style,
    )
  File "C:\Users\ASUS\AppData\Local\Programs\Python\Python314\Lib\site-packages\rich\panel.py", line 178, in align_text
    text.stylize(console.get_style(text.style))
                 ~~~~~~~~~~~~~~~~~^^^^^^^^^^^^
  File "C:\Users\ASUS\AppData\Local\Programs\Python\Python314\Lib\site-packages\rich\console.py", line 1502, in get_style
    raise errors.MissingStyle(
        f"Failed to get style {name!r}; {error}"
    ) from None
rich.errors.MissingStyle: Failed to get style 'comment'; unable to parse 'comment' as color; 'comment' is not a valid color
2026-02-12 01:20:21,934 - ERROR - Crash in main loop
Traceback (most recent call last):
  File "C:\Users\ASUS\OneDrive\Desktop\nl-terminal - v2\main.py", line 229, in run_ui
    ui.stream_output(out)
    ~~~~~~~~~~~~~~~~^^^^^
  File "C:\Users\ASUS\OneDrive\Desktop\nl-terminal - v2\ui.py", line 91, in stream_output
    self.console.print(output, style="foreground")
    ~~~~~~~~~~~~~~~~~~^^^^^^^^^^^^^^^^^^^^^^^^^^^^
  File "C:\Users\ASUS\AppData\Local\Programs\Python\Python314\Lib\site-packages\rich\console.py", line 1729, in print
    render(renderable, render_options), self.get_style(style)
                                        ~~~~~~~~~~~~~~^^^^^^^
  File "C:\Users\ASUS\AppData\Local\Programs\Python\Python314\Lib\site-packages\rich\console.py", line 1502, in get_style
    raise errors.MissingStyle(
        f"Failed to get style {name!r}; {error}"
    ) from None
rich.errors.MissingStyle: Failed to get style 'foreground'; unable to parse 'foreground' as color; 'foreground' is not a valid color
2026-02-12 01:21:05,852 - ERROR - Crash in main loop
Traceback (most recent call last):
  File "C:\Users\ASUS\OneDrive\Desktop\nl-terminal - v2\main.py", line 229, in run_ui
    ui.stream_output(out)
    ~~~~~~~~~~~~~~~~^^^^^
  File "C:\Users\ASUS\OneDrive\Desktop\nl-terminal - v2\ui.py", line 91, in stream_output
    self.console.print(output, style="foreground")
    ~~~~~~~~~~~~~~~~~~^^^^^^^^^^^^^^^^^^^^^^^^^^^^
  File "C:\Users\ASUS\AppData\Local\Programs\Python\Python314\Lib\site-packages\rich\console.py", line 1729, in print
    render(renderable, render_options), self.get_style(style)
                                        ~~~~~~~~~~~~~~^^^^^^^
  File "C:\Users\ASUS\AppData\Local\Programs\Python\Python314\Lib\site-packages\rich\console.py", line 1502, in get_style
    raise errors.MissingStyle(
        f"Failed to get style {name!r}; {error}"
    ) from None
rich.errors.MissingStyle: Failed to get style 'foreground'; unable to parse 'foreground' as color; 'foreground' is not a valid color
2026-02-12 01:21:52,839 - ERROR - Crash in main loop
Traceback (most recent call last):
  File "C:\Users\ASUS\OneDrive\Desktop\nl-terminal - v2\main.py", line 124, in run_ui
    intent = detect_intent(user_input)
  File "C:\Users\ASUS\OneDrive\Desktop\nl-terminal - v2\intent_parser.py", line 21, in detect_intent
    for phrase in plugin.get("phrases", []):
                  ^^^^^^^^^^
AttributeError: 'TimePlugin' object has no attribute 'get'
